Unity Editor version:    2022.3.23f1 (dbb3f7c5b5c6)
Branch:                  2022.3/staging
Build type:              Release
Batch mode:              YES
System name:             Linux
Distro version:          #17-Ubuntu SMP Mon Sep  2 13:48:07 UTC 2024
Kernel version:          6.8.0-1016-aws
Architecture:            x86_64
Available memory:        7682 MB
[Licensing::Module] Trying to connect to existing licensing client channel...
[Licensing::IpcConnector] Connection attempt to the License Client on channel: "LicenseClient-root" failed because channel doesn't exist; code: "0x80000002"
[Licensing::Module] Successfully launched the LicensingClient (PId: 9754)
[Licensing::IpcConnector] Successfully connected to the License Client on channel: "LicenseClient-root" at "2024-11-08T12:24:41.07839Z"
[SignatureVerifier] Application signature verification not supported on this platform.
[Licensing::Client] Handshaking with LicensingClient:
  Version:                 1.15.2+c95445e
  Session Id:              1b9c25b95af84579a5016a91b377e9bc
  Correlation Id:          e90acb529f51c8113c8b1f822629cfa1
  External correlation Id: 2719711770283342686
  Machine Id:              OFK3n19lbXUhLcu3F/JkGxHfgr0=
[Licensing::Module] Successfully connected to LicensingClient on channel: "LicenseClient-root" (connect: 0.38s, validation: 0.10s, handshake: 0.00s)
[Licensing::IpcConnector] Successfully connected to the License Notification on channel: "LicenseClient-root-notifications" at "2024-11-08T12:24:41.176216Z"
[Licensing::Module] Connected to LicensingClient (PId: 9754, launch time: 0.00, total connection time: 0.47s)
[Licensing::Module] Error: Access token is unavailable; failed to update
[Licensing::Client] Error: Code 500 while processing request (status: Unable to update licenses. Errors: No ULF license found.,Token not found in cache)
[Licensing::Client] Error: Code 500 while updating license in client (status: Unable to update licenses. Errors: No ULF license found.,Token not found in cache)
[Licensing::Client] Successfully resolved entitlements
[Licensing::Module] Error: License is not active (com.unity.editor.headless). HasEntitlements will fail.
Pro License: NO
Initialize udev device monitor.
CreateDirectory '/root/.cache/unity3d' failed:  (current dir: /root/unity_installs/Editor)
No valid Unity Editor license found. Please activate your license.
